G75*
%MOIN*%
%OFA0B0*%
%FSLAX25Y25*%
%IPPOS*%
%LPD*%
%AMOC8*
5,1,8,0,0,1.08239X$1,22.5*
%
%ADD10C,0.00000*%
D10*
X0002000Y0003000D02*
X0002000Y0153000D01*
X0232000Y0153000D01*
X0231921Y0003000D01*
X0002000Y0003000D01*
X0011094Y0018000D02*
X0011096Y0018153D01*
X0011102Y0018307D01*
X0011112Y0018460D01*
X0011126Y0018612D01*
X0011144Y0018765D01*
X0011166Y0018916D01*
X0011191Y0019067D01*
X0011221Y0019218D01*
X0011255Y0019368D01*
X0011292Y0019516D01*
X0011333Y0019664D01*
X0011378Y0019810D01*
X0011427Y0019956D01*
X0011480Y0020100D01*
X0011536Y0020242D01*
X0011596Y0020383D01*
X0011660Y0020523D01*
X0011727Y0020661D01*
X0011798Y0020797D01*
X0011873Y0020931D01*
X0011950Y0021063D01*
X0012032Y0021193D01*
X0012116Y0021321D01*
X0012204Y0021447D01*
X0012295Y0021570D01*
X0012389Y0021691D01*
X0012487Y0021809D01*
X0012587Y0021925D01*
X0012691Y0022038D01*
X0012797Y0022149D01*
X0012906Y0022257D01*
X0013018Y0022362D01*
X0013132Y0022463D01*
X0013250Y0022562D01*
X0013369Y0022658D01*
X0013491Y0022751D01*
X0013616Y0022840D01*
X0013743Y0022927D01*
X0013872Y0023009D01*
X0014003Y0023089D01*
X0014136Y0023165D01*
X0014271Y0023238D01*
X0014408Y0023307D01*
X0014547Y0023372D01*
X0014687Y0023434D01*
X0014829Y0023492D01*
X0014972Y0023547D01*
X0015117Y0023598D01*
X0015263Y0023645D01*
X0015410Y0023688D01*
X0015558Y0023727D01*
X0015707Y0023763D01*
X0015857Y0023794D01*
X0016008Y0023822D01*
X0016159Y0023846D01*
X0016312Y0023866D01*
X0016464Y0023882D01*
X0016617Y0023894D01*
X0016770Y0023902D01*
X0016923Y0023906D01*
X0017077Y0023906D01*
X0017230Y0023902D01*
X0017383Y0023894D01*
X0017536Y0023882D01*
X0017688Y0023866D01*
X0017841Y0023846D01*
X0017992Y0023822D01*
X0018143Y0023794D01*
X0018293Y0023763D01*
X0018442Y0023727D01*
X0018590Y0023688D01*
X0018737Y0023645D01*
X0018883Y0023598D01*
X0019028Y0023547D01*
X0019171Y0023492D01*
X0019313Y0023434D01*
X0019453Y0023372D01*
X0019592Y0023307D01*
X0019729Y0023238D01*
X0019864Y0023165D01*
X0019997Y0023089D01*
X0020128Y0023009D01*
X0020257Y0022927D01*
X0020384Y0022840D01*
X0020509Y0022751D01*
X0020631Y0022658D01*
X0020750Y0022562D01*
X0020868Y0022463D01*
X0020982Y0022362D01*
X0021094Y0022257D01*
X0021203Y0022149D01*
X0021309Y0022038D01*
X0021413Y0021925D01*
X0021513Y0021809D01*
X0021611Y0021691D01*
X0021705Y0021570D01*
X0021796Y0021447D01*
X0021884Y0021321D01*
X0021968Y0021193D01*
X0022050Y0021063D01*
X0022127Y0020931D01*
X0022202Y0020797D01*
X0022273Y0020661D01*
X0022340Y0020523D01*
X0022404Y0020383D01*
X0022464Y0020242D01*
X0022520Y0020100D01*
X0022573Y0019956D01*
X0022622Y0019810D01*
X0022667Y0019664D01*
X0022708Y0019516D01*
X0022745Y0019368D01*
X0022779Y0019218D01*
X0022809Y0019067D01*
X0022834Y0018916D01*
X0022856Y0018765D01*
X0022874Y0018612D01*
X0022888Y0018460D01*
X0022898Y0018307D01*
X0022904Y0018153D01*
X0022906Y0018000D01*
X0022904Y0017847D01*
X0022898Y0017693D01*
X0022888Y0017540D01*
X0022874Y0017388D01*
X0022856Y0017235D01*
X0022834Y0017084D01*
X0022809Y0016933D01*
X0022779Y0016782D01*
X0022745Y0016632D01*
X0022708Y0016484D01*
X0022667Y0016336D01*
X0022622Y0016190D01*
X0022573Y0016044D01*
X0022520Y0015900D01*
X0022464Y0015758D01*
X0022404Y0015617D01*
X0022340Y0015477D01*
X0022273Y0015339D01*
X0022202Y0015203D01*
X0022127Y0015069D01*
X0022050Y0014937D01*
X0021968Y0014807D01*
X0021884Y0014679D01*
X0021796Y0014553D01*
X0021705Y0014430D01*
X0021611Y0014309D01*
X0021513Y0014191D01*
X0021413Y0014075D01*
X0021309Y0013962D01*
X0021203Y0013851D01*
X0021094Y0013743D01*
X0020982Y0013638D01*
X0020868Y0013537D01*
X0020750Y0013438D01*
X0020631Y0013342D01*
X0020509Y0013249D01*
X0020384Y0013160D01*
X0020257Y0013073D01*
X0020128Y0012991D01*
X0019997Y0012911D01*
X0019864Y0012835D01*
X0019729Y0012762D01*
X0019592Y0012693D01*
X0019453Y0012628D01*
X0019313Y0012566D01*
X0019171Y0012508D01*
X0019028Y0012453D01*
X0018883Y0012402D01*
X0018737Y0012355D01*
X0018590Y0012312D01*
X0018442Y0012273D01*
X0018293Y0012237D01*
X0018143Y0012206D01*
X0017992Y0012178D01*
X0017841Y0012154D01*
X0017688Y0012134D01*
X0017536Y0012118D01*
X0017383Y0012106D01*
X0017230Y0012098D01*
X0017077Y0012094D01*
X0016923Y0012094D01*
X0016770Y0012098D01*
X0016617Y0012106D01*
X0016464Y0012118D01*
X0016312Y0012134D01*
X0016159Y0012154D01*
X0016008Y0012178D01*
X0015857Y0012206D01*
X0015707Y0012237D01*
X0015558Y0012273D01*
X0015410Y0012312D01*
X0015263Y0012355D01*
X0015117Y0012402D01*
X0014972Y0012453D01*
X0014829Y0012508D01*
X0014687Y0012566D01*
X0014547Y0012628D01*
X0014408Y0012693D01*
X0014271Y0012762D01*
X0014136Y0012835D01*
X0014003Y0012911D01*
X0013872Y0012991D01*
X0013743Y0013073D01*
X0013616Y0013160D01*
X0013491Y0013249D01*
X0013369Y0013342D01*
X0013250Y0013438D01*
X0013132Y0013537D01*
X0013018Y0013638D01*
X0012906Y0013743D01*
X0012797Y0013851D01*
X0012691Y0013962D01*
X0012587Y0014075D01*
X0012487Y0014191D01*
X0012389Y0014309D01*
X0012295Y0014430D01*
X0012204Y0014553D01*
X0012116Y0014679D01*
X0012032Y0014807D01*
X0011950Y0014937D01*
X0011873Y0015069D01*
X0011798Y0015203D01*
X0011727Y0015339D01*
X0011660Y0015477D01*
X0011596Y0015617D01*
X0011536Y0015758D01*
X0011480Y0015900D01*
X0011427Y0016044D01*
X0011378Y0016190D01*
X0011333Y0016336D01*
X0011292Y0016484D01*
X0011255Y0016632D01*
X0011221Y0016782D01*
X0011191Y0016933D01*
X0011166Y0017084D01*
X0011144Y0017235D01*
X0011126Y0017388D01*
X0011112Y0017540D01*
X0011102Y0017693D01*
X0011096Y0017847D01*
X0011094Y0018000D01*
X0011094Y0136110D02*
X0011096Y0136263D01*
X0011102Y0136417D01*
X0011112Y0136570D01*
X0011126Y0136722D01*
X0011144Y0136875D01*
X0011166Y0137026D01*
X0011191Y0137177D01*
X0011221Y0137328D01*
X0011255Y0137478D01*
X0011292Y0137626D01*
X0011333Y0137774D01*
X0011378Y0137920D01*
X0011427Y0138066D01*
X0011480Y0138210D01*
X0011536Y0138352D01*
X0011596Y0138493D01*
X0011660Y0138633D01*
X0011727Y0138771D01*
X0011798Y0138907D01*
X0011873Y0139041D01*
X0011950Y0139173D01*
X0012032Y0139303D01*
X0012116Y0139431D01*
X0012204Y0139557D01*
X0012295Y0139680D01*
X0012389Y0139801D01*
X0012487Y0139919D01*
X0012587Y0140035D01*
X0012691Y0140148D01*
X0012797Y0140259D01*
X0012906Y0140367D01*
X0013018Y0140472D01*
X0013132Y0140573D01*
X0013250Y0140672D01*
X0013369Y0140768D01*
X0013491Y0140861D01*
X0013616Y0140950D01*
X0013743Y0141037D01*
X0013872Y0141119D01*
X0014003Y0141199D01*
X0014136Y0141275D01*
X0014271Y0141348D01*
X0014408Y0141417D01*
X0014547Y0141482D01*
X0014687Y0141544D01*
X0014829Y0141602D01*
X0014972Y0141657D01*
X0015117Y0141708D01*
X0015263Y0141755D01*
X0015410Y0141798D01*
X0015558Y0141837D01*
X0015707Y0141873D01*
X0015857Y0141904D01*
X0016008Y0141932D01*
X0016159Y0141956D01*
X0016312Y0141976D01*
X0016464Y0141992D01*
X0016617Y0142004D01*
X0016770Y0142012D01*
X0016923Y0142016D01*
X0017077Y0142016D01*
X0017230Y0142012D01*
X0017383Y0142004D01*
X0017536Y0141992D01*
X0017688Y0141976D01*
X0017841Y0141956D01*
X0017992Y0141932D01*
X0018143Y0141904D01*
X0018293Y0141873D01*
X0018442Y0141837D01*
X0018590Y0141798D01*
X0018737Y0141755D01*
X0018883Y0141708D01*
X0019028Y0141657D01*
X0019171Y0141602D01*
X0019313Y0141544D01*
X0019453Y0141482D01*
X0019592Y0141417D01*
X0019729Y0141348D01*
X0019864Y0141275D01*
X0019997Y0141199D01*
X0020128Y0141119D01*
X0020257Y0141037D01*
X0020384Y0140950D01*
X0020509Y0140861D01*
X0020631Y0140768D01*
X0020750Y0140672D01*
X0020868Y0140573D01*
X0020982Y0140472D01*
X0021094Y0140367D01*
X0021203Y0140259D01*
X0021309Y0140148D01*
X0021413Y0140035D01*
X0021513Y0139919D01*
X0021611Y0139801D01*
X0021705Y0139680D01*
X0021796Y0139557D01*
X0021884Y0139431D01*
X0021968Y0139303D01*
X0022050Y0139173D01*
X0022127Y0139041D01*
X0022202Y0138907D01*
X0022273Y0138771D01*
X0022340Y0138633D01*
X0022404Y0138493D01*
X0022464Y0138352D01*
X0022520Y0138210D01*
X0022573Y0138066D01*
X0022622Y0137920D01*
X0022667Y0137774D01*
X0022708Y0137626D01*
X0022745Y0137478D01*
X0022779Y0137328D01*
X0022809Y0137177D01*
X0022834Y0137026D01*
X0022856Y0136875D01*
X0022874Y0136722D01*
X0022888Y0136570D01*
X0022898Y0136417D01*
X0022904Y0136263D01*
X0022906Y0136110D01*
X0022904Y0135957D01*
X0022898Y0135803D01*
X0022888Y0135650D01*
X0022874Y0135498D01*
X0022856Y0135345D01*
X0022834Y0135194D01*
X0022809Y0135043D01*
X0022779Y0134892D01*
X0022745Y0134742D01*
X0022708Y0134594D01*
X0022667Y0134446D01*
X0022622Y0134300D01*
X0022573Y0134154D01*
X0022520Y0134010D01*
X0022464Y0133868D01*
X0022404Y0133727D01*
X0022340Y0133587D01*
X0022273Y0133449D01*
X0022202Y0133313D01*
X0022127Y0133179D01*
X0022050Y0133047D01*
X0021968Y0132917D01*
X0021884Y0132789D01*
X0021796Y0132663D01*
X0021705Y0132540D01*
X0021611Y0132419D01*
X0021513Y0132301D01*
X0021413Y0132185D01*
X0021309Y0132072D01*
X0021203Y0131961D01*
X0021094Y0131853D01*
X0020982Y0131748D01*
X0020868Y0131647D01*
X0020750Y0131548D01*
X0020631Y0131452D01*
X0020509Y0131359D01*
X0020384Y0131270D01*
X0020257Y0131183D01*
X0020128Y0131101D01*
X0019997Y0131021D01*
X0019864Y0130945D01*
X0019729Y0130872D01*
X0019592Y0130803D01*
X0019453Y0130738D01*
X0019313Y0130676D01*
X0019171Y0130618D01*
X0019028Y0130563D01*
X0018883Y0130512D01*
X0018737Y0130465D01*
X0018590Y0130422D01*
X0018442Y0130383D01*
X0018293Y0130347D01*
X0018143Y0130316D01*
X0017992Y0130288D01*
X0017841Y0130264D01*
X0017688Y0130244D01*
X0017536Y0130228D01*
X0017383Y0130216D01*
X0017230Y0130208D01*
X0017077Y0130204D01*
X0016923Y0130204D01*
X0016770Y0130208D01*
X0016617Y0130216D01*
X0016464Y0130228D01*
X0016312Y0130244D01*
X0016159Y0130264D01*
X0016008Y0130288D01*
X0015857Y0130316D01*
X0015707Y0130347D01*
X0015558Y0130383D01*
X0015410Y0130422D01*
X0015263Y0130465D01*
X0015117Y0130512D01*
X0014972Y0130563D01*
X0014829Y0130618D01*
X0014687Y0130676D01*
X0014547Y0130738D01*
X0014408Y0130803D01*
X0014271Y0130872D01*
X0014136Y0130945D01*
X0014003Y0131021D01*
X0013872Y0131101D01*
X0013743Y0131183D01*
X0013616Y0131270D01*
X0013491Y0131359D01*
X0013369Y0131452D01*
X0013250Y0131548D01*
X0013132Y0131647D01*
X0013018Y0131748D01*
X0012906Y0131853D01*
X0012797Y0131961D01*
X0012691Y0132072D01*
X0012587Y0132185D01*
X0012487Y0132301D01*
X0012389Y0132419D01*
X0012295Y0132540D01*
X0012204Y0132663D01*
X0012116Y0132789D01*
X0012032Y0132917D01*
X0011950Y0133047D01*
X0011873Y0133179D01*
X0011798Y0133313D01*
X0011727Y0133449D01*
X0011660Y0133587D01*
X0011596Y0133727D01*
X0011536Y0133868D01*
X0011480Y0134010D01*
X0011427Y0134154D01*
X0011378Y0134300D01*
X0011333Y0134446D01*
X0011292Y0134594D01*
X0011255Y0134742D01*
X0011221Y0134892D01*
X0011191Y0135043D01*
X0011166Y0135194D01*
X0011144Y0135345D01*
X0011126Y0135498D01*
X0011112Y0135650D01*
X0011102Y0135803D01*
X0011096Y0135957D01*
X0011094Y0136110D01*
X0207944Y0136110D02*
X0207946Y0136263D01*
X0207952Y0136417D01*
X0207962Y0136570D01*
X0207976Y0136722D01*
X0207994Y0136875D01*
X0208016Y0137026D01*
X0208041Y0137177D01*
X0208071Y0137328D01*
X0208105Y0137478D01*
X0208142Y0137626D01*
X0208183Y0137774D01*
X0208228Y0137920D01*
X0208277Y0138066D01*
X0208330Y0138210D01*
X0208386Y0138352D01*
X0208446Y0138493D01*
X0208510Y0138633D01*
X0208577Y0138771D01*
X0208648Y0138907D01*
X0208723Y0139041D01*
X0208800Y0139173D01*
X0208882Y0139303D01*
X0208966Y0139431D01*
X0209054Y0139557D01*
X0209145Y0139680D01*
X0209239Y0139801D01*
X0209337Y0139919D01*
X0209437Y0140035D01*
X0209541Y0140148D01*
X0209647Y0140259D01*
X0209756Y0140367D01*
X0209868Y0140472D01*
X0209982Y0140573D01*
X0210100Y0140672D01*
X0210219Y0140768D01*
X0210341Y0140861D01*
X0210466Y0140950D01*
X0210593Y0141037D01*
X0210722Y0141119D01*
X0210853Y0141199D01*
X0210986Y0141275D01*
X0211121Y0141348D01*
X0211258Y0141417D01*
X0211397Y0141482D01*
X0211537Y0141544D01*
X0211679Y0141602D01*
X0211822Y0141657D01*
X0211967Y0141708D01*
X0212113Y0141755D01*
X0212260Y0141798D01*
X0212408Y0141837D01*
X0212557Y0141873D01*
X0212707Y0141904D01*
X0212858Y0141932D01*
X0213009Y0141956D01*
X0213162Y0141976D01*
X0213314Y0141992D01*
X0213467Y0142004D01*
X0213620Y0142012D01*
X0213773Y0142016D01*
X0213927Y0142016D01*
X0214080Y0142012D01*
X0214233Y0142004D01*
X0214386Y0141992D01*
X0214538Y0141976D01*
X0214691Y0141956D01*
X0214842Y0141932D01*
X0214993Y0141904D01*
X0215143Y0141873D01*
X0215292Y0141837D01*
X0215440Y0141798D01*
X0215587Y0141755D01*
X0215733Y0141708D01*
X0215878Y0141657D01*
X0216021Y0141602D01*
X0216163Y0141544D01*
X0216303Y0141482D01*
X0216442Y0141417D01*
X0216579Y0141348D01*
X0216714Y0141275D01*
X0216847Y0141199D01*
X0216978Y0141119D01*
X0217107Y0141037D01*
X0217234Y0140950D01*
X0217359Y0140861D01*
X0217481Y0140768D01*
X0217600Y0140672D01*
X0217718Y0140573D01*
X0217832Y0140472D01*
X0217944Y0140367D01*
X0218053Y0140259D01*
X0218159Y0140148D01*
X0218263Y0140035D01*
X0218363Y0139919D01*
X0218461Y0139801D01*
X0218555Y0139680D01*
X0218646Y0139557D01*
X0218734Y0139431D01*
X0218818Y0139303D01*
X0218900Y0139173D01*
X0218977Y0139041D01*
X0219052Y0138907D01*
X0219123Y0138771D01*
X0219190Y0138633D01*
X0219254Y0138493D01*
X0219314Y0138352D01*
X0219370Y0138210D01*
X0219423Y0138066D01*
X0219472Y0137920D01*
X0219517Y0137774D01*
X0219558Y0137626D01*
X0219595Y0137478D01*
X0219629Y0137328D01*
X0219659Y0137177D01*
X0219684Y0137026D01*
X0219706Y0136875D01*
X0219724Y0136722D01*
X0219738Y0136570D01*
X0219748Y0136417D01*
X0219754Y0136263D01*
X0219756Y0136110D01*
X0219754Y0135957D01*
X0219748Y0135803D01*
X0219738Y0135650D01*
X0219724Y0135498D01*
X0219706Y0135345D01*
X0219684Y0135194D01*
X0219659Y0135043D01*
X0219629Y0134892D01*
X0219595Y0134742D01*
X0219558Y0134594D01*
X0219517Y0134446D01*
X0219472Y0134300D01*
X0219423Y0134154D01*
X0219370Y0134010D01*
X0219314Y0133868D01*
X0219254Y0133727D01*
X0219190Y0133587D01*
X0219123Y0133449D01*
X0219052Y0133313D01*
X0218977Y0133179D01*
X0218900Y0133047D01*
X0218818Y0132917D01*
X0218734Y0132789D01*
X0218646Y0132663D01*
X0218555Y0132540D01*
X0218461Y0132419D01*
X0218363Y0132301D01*
X0218263Y0132185D01*
X0218159Y0132072D01*
X0218053Y0131961D01*
X0217944Y0131853D01*
X0217832Y0131748D01*
X0217718Y0131647D01*
X0217600Y0131548D01*
X0217481Y0131452D01*
X0217359Y0131359D01*
X0217234Y0131270D01*
X0217107Y0131183D01*
X0216978Y0131101D01*
X0216847Y0131021D01*
X0216714Y0130945D01*
X0216579Y0130872D01*
X0216442Y0130803D01*
X0216303Y0130738D01*
X0216163Y0130676D01*
X0216021Y0130618D01*
X0215878Y0130563D01*
X0215733Y0130512D01*
X0215587Y0130465D01*
X0215440Y0130422D01*
X0215292Y0130383D01*
X0215143Y0130347D01*
X0214993Y0130316D01*
X0214842Y0130288D01*
X0214691Y0130264D01*
X0214538Y0130244D01*
X0214386Y0130228D01*
X0214233Y0130216D01*
X0214080Y0130208D01*
X0213927Y0130204D01*
X0213773Y0130204D01*
X0213620Y0130208D01*
X0213467Y0130216D01*
X0213314Y0130228D01*
X0213162Y0130244D01*
X0213009Y0130264D01*
X0212858Y0130288D01*
X0212707Y0130316D01*
X0212557Y0130347D01*
X0212408Y0130383D01*
X0212260Y0130422D01*
X0212113Y0130465D01*
X0211967Y0130512D01*
X0211822Y0130563D01*
X0211679Y0130618D01*
X0211537Y0130676D01*
X0211397Y0130738D01*
X0211258Y0130803D01*
X0211121Y0130872D01*
X0210986Y0130945D01*
X0210853Y0131021D01*
X0210722Y0131101D01*
X0210593Y0131183D01*
X0210466Y0131270D01*
X0210341Y0131359D01*
X0210219Y0131452D01*
X0210100Y0131548D01*
X0209982Y0131647D01*
X0209868Y0131748D01*
X0209756Y0131853D01*
X0209647Y0131961D01*
X0209541Y0132072D01*
X0209437Y0132185D01*
X0209337Y0132301D01*
X0209239Y0132419D01*
X0209145Y0132540D01*
X0209054Y0132663D01*
X0208966Y0132789D01*
X0208882Y0132917D01*
X0208800Y0133047D01*
X0208723Y0133179D01*
X0208648Y0133313D01*
X0208577Y0133449D01*
X0208510Y0133587D01*
X0208446Y0133727D01*
X0208386Y0133868D01*
X0208330Y0134010D01*
X0208277Y0134154D01*
X0208228Y0134300D01*
X0208183Y0134446D01*
X0208142Y0134594D01*
X0208105Y0134742D01*
X0208071Y0134892D01*
X0208041Y0135043D01*
X0208016Y0135194D01*
X0207994Y0135345D01*
X0207976Y0135498D01*
X0207962Y0135650D01*
X0207952Y0135803D01*
X0207946Y0135957D01*
X0207944Y0136110D01*
X0207944Y0018000D02*
X0207946Y0018153D01*
X0207952Y0018307D01*
X0207962Y0018460D01*
X0207976Y0018612D01*
X0207994Y0018765D01*
X0208016Y0018916D01*
X0208041Y0019067D01*
X0208071Y0019218D01*
X0208105Y0019368D01*
X0208142Y0019516D01*
X0208183Y0019664D01*
X0208228Y0019810D01*
X0208277Y0019956D01*
X0208330Y0020100D01*
X0208386Y0020242D01*
X0208446Y0020383D01*
X0208510Y0020523D01*
X0208577Y0020661D01*
X0208648Y0020797D01*
X0208723Y0020931D01*
X0208800Y0021063D01*
X0208882Y0021193D01*
X0208966Y0021321D01*
X0209054Y0021447D01*
X0209145Y0021570D01*
X0209239Y0021691D01*
X0209337Y0021809D01*
X0209437Y0021925D01*
X0209541Y0022038D01*
X0209647Y0022149D01*
X0209756Y0022257D01*
X0209868Y0022362D01*
X0209982Y0022463D01*
X0210100Y0022562D01*
X0210219Y0022658D01*
X0210341Y0022751D01*
X0210466Y0022840D01*
X0210593Y0022927D01*
X0210722Y0023009D01*
X0210853Y0023089D01*
X0210986Y0023165D01*
X0211121Y0023238D01*
X0211258Y0023307D01*
X0211397Y0023372D01*
X0211537Y0023434D01*
X0211679Y0023492D01*
X0211822Y0023547D01*
X0211967Y0023598D01*
X0212113Y0023645D01*
X0212260Y0023688D01*
X0212408Y0023727D01*
X0212557Y0023763D01*
X0212707Y0023794D01*
X0212858Y0023822D01*
X0213009Y0023846D01*
X0213162Y0023866D01*
X0213314Y0023882D01*
X0213467Y0023894D01*
X0213620Y0023902D01*
X0213773Y0023906D01*
X0213927Y0023906D01*
X0214080Y0023902D01*
X0214233Y0023894D01*
X0214386Y0023882D01*
X0214538Y0023866D01*
X0214691Y0023846D01*
X0214842Y0023822D01*
X0214993Y0023794D01*
X0215143Y0023763D01*
X0215292Y0023727D01*
X0215440Y0023688D01*
X0215587Y0023645D01*
X0215733Y0023598D01*
X0215878Y0023547D01*
X0216021Y0023492D01*
X0216163Y0023434D01*
X0216303Y0023372D01*
X0216442Y0023307D01*
X0216579Y0023238D01*
X0216714Y0023165D01*
X0216847Y0023089D01*
X0216978Y0023009D01*
X0217107Y0022927D01*
X0217234Y0022840D01*
X0217359Y0022751D01*
X0217481Y0022658D01*
X0217600Y0022562D01*
X0217718Y0022463D01*
X0217832Y0022362D01*
X0217944Y0022257D01*
X0218053Y0022149D01*
X0218159Y0022038D01*
X0218263Y0021925D01*
X0218363Y0021809D01*
X0218461Y0021691D01*
X0218555Y0021570D01*
X0218646Y0021447D01*
X0218734Y0021321D01*
X0218818Y0021193D01*
X0218900Y0021063D01*
X0218977Y0020931D01*
X0219052Y0020797D01*
X0219123Y0020661D01*
X0219190Y0020523D01*
X0219254Y0020383D01*
X0219314Y0020242D01*
X0219370Y0020100D01*
X0219423Y0019956D01*
X0219472Y0019810D01*
X0219517Y0019664D01*
X0219558Y0019516D01*
X0219595Y0019368D01*
X0219629Y0019218D01*
X0219659Y0019067D01*
X0219684Y0018916D01*
X0219706Y0018765D01*
X0219724Y0018612D01*
X0219738Y0018460D01*
X0219748Y0018307D01*
X0219754Y0018153D01*
X0219756Y0018000D01*
X0219754Y0017847D01*
X0219748Y0017693D01*
X0219738Y0017540D01*
X0219724Y0017388D01*
X0219706Y0017235D01*
X0219684Y0017084D01*
X0219659Y0016933D01*
X0219629Y0016782D01*
X0219595Y0016632D01*
X0219558Y0016484D01*
X0219517Y0016336D01*
X0219472Y0016190D01*
X0219423Y0016044D01*
X0219370Y0015900D01*
X0219314Y0015758D01*
X0219254Y0015617D01*
X0219190Y0015477D01*
X0219123Y0015339D01*
X0219052Y0015203D01*
X0218977Y0015069D01*
X0218900Y0014937D01*
X0218818Y0014807D01*
X0218734Y0014679D01*
X0218646Y0014553D01*
X0218555Y0014430D01*
X0218461Y0014309D01*
X0218363Y0014191D01*
X0218263Y0014075D01*
X0218159Y0013962D01*
X0218053Y0013851D01*
X0217944Y0013743D01*
X0217832Y0013638D01*
X0217718Y0013537D01*
X0217600Y0013438D01*
X0217481Y0013342D01*
X0217359Y0013249D01*
X0217234Y0013160D01*
X0217107Y0013073D01*
X0216978Y0012991D01*
X0216847Y0012911D01*
X0216714Y0012835D01*
X0216579Y0012762D01*
X0216442Y0012693D01*
X0216303Y0012628D01*
X0216163Y0012566D01*
X0216021Y0012508D01*
X0215878Y0012453D01*
X0215733Y0012402D01*
X0215587Y0012355D01*
X0215440Y0012312D01*
X0215292Y0012273D01*
X0215143Y0012237D01*
X0214993Y0012206D01*
X0214842Y0012178D01*
X0214691Y0012154D01*
X0214538Y0012134D01*
X0214386Y0012118D01*
X0214233Y0012106D01*
X0214080Y0012098D01*
X0213927Y0012094D01*
X0213773Y0012094D01*
X0213620Y0012098D01*
X0213467Y0012106D01*
X0213314Y0012118D01*
X0213162Y0012134D01*
X0213009Y0012154D01*
X0212858Y0012178D01*
X0212707Y0012206D01*
X0212557Y0012237D01*
X0212408Y0012273D01*
X0212260Y0012312D01*
X0212113Y0012355D01*
X0211967Y0012402D01*
X0211822Y0012453D01*
X0211679Y0012508D01*
X0211537Y0012566D01*
X0211397Y0012628D01*
X0211258Y0012693D01*
X0211121Y0012762D01*
X0210986Y0012835D01*
X0210853Y0012911D01*
X0210722Y0012991D01*
X0210593Y0013073D01*
X0210466Y0013160D01*
X0210341Y0013249D01*
X0210219Y0013342D01*
X0210100Y0013438D01*
X0209982Y0013537D01*
X0209868Y0013638D01*
X0209756Y0013743D01*
X0209647Y0013851D01*
X0209541Y0013962D01*
X0209437Y0014075D01*
X0209337Y0014191D01*
X0209239Y0014309D01*
X0209145Y0014430D01*
X0209054Y0014553D01*
X0208966Y0014679D01*
X0208882Y0014807D01*
X0208800Y0014937D01*
X0208723Y0015069D01*
X0208648Y0015203D01*
X0208577Y0015339D01*
X0208510Y0015477D01*
X0208446Y0015617D01*
X0208386Y0015758D01*
X0208330Y0015900D01*
X0208277Y0016044D01*
X0208228Y0016190D01*
X0208183Y0016336D01*
X0208142Y0016484D01*
X0208105Y0016632D01*
X0208071Y0016782D01*
X0208041Y0016933D01*
X0208016Y0017084D01*
X0207994Y0017235D01*
X0207976Y0017388D01*
X0207962Y0017540D01*
X0207952Y0017693D01*
X0207946Y0017847D01*
X0207944Y0018000D01*
M02*
