G75*
%MOIN*%
%OFA0B0*%
%FSLAX25Y25*%
%IPPOS*%
%LPD*%
%AMOC8*
5,1,8,0,0,1.08239X$1,22.5*
%
%ADD10C,0.00000*%
D10*
X0001000Y0001000D02*
X0001000Y0295961D01*
X0471000Y0296000D01*
X0471000Y0001000D01*
X0001000Y0001000D01*
X0014504Y0021000D02*
X0014506Y0021161D01*
X0014512Y0021321D01*
X0014522Y0021482D01*
X0014536Y0021642D01*
X0014554Y0021801D01*
X0014575Y0021961D01*
X0014601Y0022119D01*
X0014631Y0022277D01*
X0014664Y0022434D01*
X0014702Y0022591D01*
X0014743Y0022746D01*
X0014788Y0022900D01*
X0014837Y0023053D01*
X0014890Y0023205D01*
X0014946Y0023355D01*
X0015006Y0023504D01*
X0015070Y0023652D01*
X0015137Y0023798D01*
X0015208Y0023942D01*
X0015283Y0024084D01*
X0015361Y0024225D01*
X0015442Y0024363D01*
X0015527Y0024500D01*
X0015616Y0024634D01*
X0015707Y0024766D01*
X0015802Y0024896D01*
X0015900Y0025023D01*
X0016001Y0025148D01*
X0016105Y0025271D01*
X0016212Y0025390D01*
X0016322Y0025507D01*
X0016435Y0025622D01*
X0016551Y0025733D01*
X0016669Y0025842D01*
X0016790Y0025947D01*
X0016914Y0026050D01*
X0017040Y0026150D01*
X0017169Y0026246D01*
X0017300Y0026339D01*
X0017433Y0026429D01*
X0017568Y0026516D01*
X0017706Y0026599D01*
X0017845Y0026678D01*
X0017987Y0026755D01*
X0018130Y0026828D01*
X0018275Y0026897D01*
X0018422Y0026962D01*
X0018570Y0027024D01*
X0018720Y0027083D01*
X0018871Y0027137D01*
X0019023Y0027188D01*
X0019177Y0027235D01*
X0019332Y0027278D01*
X0019487Y0027317D01*
X0019644Y0027353D01*
X0019802Y0027385D01*
X0019960Y0027412D01*
X0020119Y0027436D01*
X0020278Y0027456D01*
X0020438Y0027472D01*
X0020599Y0027484D01*
X0020759Y0027492D01*
X0020920Y0027496D01*
X0021080Y0027496D01*
X0021241Y0027492D01*
X0021401Y0027484D01*
X0021562Y0027472D01*
X0021722Y0027456D01*
X0021881Y0027436D01*
X0022040Y0027412D01*
X0022198Y0027385D01*
X0022356Y0027353D01*
X0022513Y0027317D01*
X0022668Y0027278D01*
X0022823Y0027235D01*
X0022977Y0027188D01*
X0023129Y0027137D01*
X0023280Y0027083D01*
X0023430Y0027024D01*
X0023578Y0026962D01*
X0023725Y0026897D01*
X0023870Y0026828D01*
X0024013Y0026755D01*
X0024155Y0026678D01*
X0024294Y0026599D01*
X0024432Y0026516D01*
X0024567Y0026429D01*
X0024700Y0026339D01*
X0024831Y0026246D01*
X0024960Y0026150D01*
X0025086Y0026050D01*
X0025210Y0025947D01*
X0025331Y0025842D01*
X0025449Y0025733D01*
X0025565Y0025622D01*
X0025678Y0025507D01*
X0025788Y0025390D01*
X0025895Y0025271D01*
X0025999Y0025148D01*
X0026100Y0025023D01*
X0026198Y0024896D01*
X0026293Y0024766D01*
X0026384Y0024634D01*
X0026473Y0024500D01*
X0026558Y0024363D01*
X0026639Y0024225D01*
X0026717Y0024084D01*
X0026792Y0023942D01*
X0026863Y0023798D01*
X0026930Y0023652D01*
X0026994Y0023504D01*
X0027054Y0023355D01*
X0027110Y0023205D01*
X0027163Y0023053D01*
X0027212Y0022900D01*
X0027257Y0022746D01*
X0027298Y0022591D01*
X0027336Y0022434D01*
X0027369Y0022277D01*
X0027399Y0022119D01*
X0027425Y0021961D01*
X0027446Y0021801D01*
X0027464Y0021642D01*
X0027478Y0021482D01*
X0027488Y0021321D01*
X0027494Y0021161D01*
X0027496Y0021000D01*
X0027494Y0020839D01*
X0027488Y0020679D01*
X0027478Y0020518D01*
X0027464Y0020358D01*
X0027446Y0020199D01*
X0027425Y0020039D01*
X0027399Y0019881D01*
X0027369Y0019723D01*
X0027336Y0019566D01*
X0027298Y0019409D01*
X0027257Y0019254D01*
X0027212Y0019100D01*
X0027163Y0018947D01*
X0027110Y0018795D01*
X0027054Y0018645D01*
X0026994Y0018496D01*
X0026930Y0018348D01*
X0026863Y0018202D01*
X0026792Y0018058D01*
X0026717Y0017916D01*
X0026639Y0017775D01*
X0026558Y0017637D01*
X0026473Y0017500D01*
X0026384Y0017366D01*
X0026293Y0017234D01*
X0026198Y0017104D01*
X0026100Y0016977D01*
X0025999Y0016852D01*
X0025895Y0016729D01*
X0025788Y0016610D01*
X0025678Y0016493D01*
X0025565Y0016378D01*
X0025449Y0016267D01*
X0025331Y0016158D01*
X0025210Y0016053D01*
X0025086Y0015950D01*
X0024960Y0015850D01*
X0024831Y0015754D01*
X0024700Y0015661D01*
X0024567Y0015571D01*
X0024432Y0015484D01*
X0024294Y0015401D01*
X0024155Y0015322D01*
X0024013Y0015245D01*
X0023870Y0015172D01*
X0023725Y0015103D01*
X0023578Y0015038D01*
X0023430Y0014976D01*
X0023280Y0014917D01*
X0023129Y0014863D01*
X0022977Y0014812D01*
X0022823Y0014765D01*
X0022668Y0014722D01*
X0022513Y0014683D01*
X0022356Y0014647D01*
X0022198Y0014615D01*
X0022040Y0014588D01*
X0021881Y0014564D01*
X0021722Y0014544D01*
X0021562Y0014528D01*
X0021401Y0014516D01*
X0021241Y0014508D01*
X0021080Y0014504D01*
X0020920Y0014504D01*
X0020759Y0014508D01*
X0020599Y0014516D01*
X0020438Y0014528D01*
X0020278Y0014544D01*
X0020119Y0014564D01*
X0019960Y0014588D01*
X0019802Y0014615D01*
X0019644Y0014647D01*
X0019487Y0014683D01*
X0019332Y0014722D01*
X0019177Y0014765D01*
X0019023Y0014812D01*
X0018871Y0014863D01*
X0018720Y0014917D01*
X0018570Y0014976D01*
X0018422Y0015038D01*
X0018275Y0015103D01*
X0018130Y0015172D01*
X0017987Y0015245D01*
X0017845Y0015322D01*
X0017706Y0015401D01*
X0017568Y0015484D01*
X0017433Y0015571D01*
X0017300Y0015661D01*
X0017169Y0015754D01*
X0017040Y0015850D01*
X0016914Y0015950D01*
X0016790Y0016053D01*
X0016669Y0016158D01*
X0016551Y0016267D01*
X0016435Y0016378D01*
X0016322Y0016493D01*
X0016212Y0016610D01*
X0016105Y0016729D01*
X0016001Y0016852D01*
X0015900Y0016977D01*
X0015802Y0017104D01*
X0015707Y0017234D01*
X0015616Y0017366D01*
X0015527Y0017500D01*
X0015442Y0017637D01*
X0015361Y0017775D01*
X0015283Y0017916D01*
X0015208Y0018058D01*
X0015137Y0018202D01*
X0015070Y0018348D01*
X0015006Y0018496D01*
X0014946Y0018645D01*
X0014890Y0018795D01*
X0014837Y0018947D01*
X0014788Y0019100D01*
X0014743Y0019254D01*
X0014702Y0019409D01*
X0014664Y0019566D01*
X0014631Y0019723D01*
X0014601Y0019881D01*
X0014575Y0020039D01*
X0014554Y0020199D01*
X0014536Y0020358D01*
X0014522Y0020518D01*
X0014512Y0020679D01*
X0014506Y0020839D01*
X0014504Y0021000D01*
X0014504Y0276000D02*
X0014506Y0276161D01*
X0014512Y0276321D01*
X0014522Y0276482D01*
X0014536Y0276642D01*
X0014554Y0276801D01*
X0014575Y0276961D01*
X0014601Y0277119D01*
X0014631Y0277277D01*
X0014664Y0277434D01*
X0014702Y0277591D01*
X0014743Y0277746D01*
X0014788Y0277900D01*
X0014837Y0278053D01*
X0014890Y0278205D01*
X0014946Y0278355D01*
X0015006Y0278504D01*
X0015070Y0278652D01*
X0015137Y0278798D01*
X0015208Y0278942D01*
X0015283Y0279084D01*
X0015361Y0279225D01*
X0015442Y0279363D01*
X0015527Y0279500D01*
X0015616Y0279634D01*
X0015707Y0279766D01*
X0015802Y0279896D01*
X0015900Y0280023D01*
X0016001Y0280148D01*
X0016105Y0280271D01*
X0016212Y0280390D01*
X0016322Y0280507D01*
X0016435Y0280622D01*
X0016551Y0280733D01*
X0016669Y0280842D01*
X0016790Y0280947D01*
X0016914Y0281050D01*
X0017040Y0281150D01*
X0017169Y0281246D01*
X0017300Y0281339D01*
X0017433Y0281429D01*
X0017568Y0281516D01*
X0017706Y0281599D01*
X0017845Y0281678D01*
X0017987Y0281755D01*
X0018130Y0281828D01*
X0018275Y0281897D01*
X0018422Y0281962D01*
X0018570Y0282024D01*
X0018720Y0282083D01*
X0018871Y0282137D01*
X0019023Y0282188D01*
X0019177Y0282235D01*
X0019332Y0282278D01*
X0019487Y0282317D01*
X0019644Y0282353D01*
X0019802Y0282385D01*
X0019960Y0282412D01*
X0020119Y0282436D01*
X0020278Y0282456D01*
X0020438Y0282472D01*
X0020599Y0282484D01*
X0020759Y0282492D01*
X0020920Y0282496D01*
X0021080Y0282496D01*
X0021241Y0282492D01*
X0021401Y0282484D01*
X0021562Y0282472D01*
X0021722Y0282456D01*
X0021881Y0282436D01*
X0022040Y0282412D01*
X0022198Y0282385D01*
X0022356Y0282353D01*
X0022513Y0282317D01*
X0022668Y0282278D01*
X0022823Y0282235D01*
X0022977Y0282188D01*
X0023129Y0282137D01*
X0023280Y0282083D01*
X0023430Y0282024D01*
X0023578Y0281962D01*
X0023725Y0281897D01*
X0023870Y0281828D01*
X0024013Y0281755D01*
X0024155Y0281678D01*
X0024294Y0281599D01*
X0024432Y0281516D01*
X0024567Y0281429D01*
X0024700Y0281339D01*
X0024831Y0281246D01*
X0024960Y0281150D01*
X0025086Y0281050D01*
X0025210Y0280947D01*
X0025331Y0280842D01*
X0025449Y0280733D01*
X0025565Y0280622D01*
X0025678Y0280507D01*
X0025788Y0280390D01*
X0025895Y0280271D01*
X0025999Y0280148D01*
X0026100Y0280023D01*
X0026198Y0279896D01*
X0026293Y0279766D01*
X0026384Y0279634D01*
X0026473Y0279500D01*
X0026558Y0279363D01*
X0026639Y0279225D01*
X0026717Y0279084D01*
X0026792Y0278942D01*
X0026863Y0278798D01*
X0026930Y0278652D01*
X0026994Y0278504D01*
X0027054Y0278355D01*
X0027110Y0278205D01*
X0027163Y0278053D01*
X0027212Y0277900D01*
X0027257Y0277746D01*
X0027298Y0277591D01*
X0027336Y0277434D01*
X0027369Y0277277D01*
X0027399Y0277119D01*
X0027425Y0276961D01*
X0027446Y0276801D01*
X0027464Y0276642D01*
X0027478Y0276482D01*
X0027488Y0276321D01*
X0027494Y0276161D01*
X0027496Y0276000D01*
X0027494Y0275839D01*
X0027488Y0275679D01*
X0027478Y0275518D01*
X0027464Y0275358D01*
X0027446Y0275199D01*
X0027425Y0275039D01*
X0027399Y0274881D01*
X0027369Y0274723D01*
X0027336Y0274566D01*
X0027298Y0274409D01*
X0027257Y0274254D01*
X0027212Y0274100D01*
X0027163Y0273947D01*
X0027110Y0273795D01*
X0027054Y0273645D01*
X0026994Y0273496D01*
X0026930Y0273348D01*
X0026863Y0273202D01*
X0026792Y0273058D01*
X0026717Y0272916D01*
X0026639Y0272775D01*
X0026558Y0272637D01*
X0026473Y0272500D01*
X0026384Y0272366D01*
X0026293Y0272234D01*
X0026198Y0272104D01*
X0026100Y0271977D01*
X0025999Y0271852D01*
X0025895Y0271729D01*
X0025788Y0271610D01*
X0025678Y0271493D01*
X0025565Y0271378D01*
X0025449Y0271267D01*
X0025331Y0271158D01*
X0025210Y0271053D01*
X0025086Y0270950D01*
X0024960Y0270850D01*
X0024831Y0270754D01*
X0024700Y0270661D01*
X0024567Y0270571D01*
X0024432Y0270484D01*
X0024294Y0270401D01*
X0024155Y0270322D01*
X0024013Y0270245D01*
X0023870Y0270172D01*
X0023725Y0270103D01*
X0023578Y0270038D01*
X0023430Y0269976D01*
X0023280Y0269917D01*
X0023129Y0269863D01*
X0022977Y0269812D01*
X0022823Y0269765D01*
X0022668Y0269722D01*
X0022513Y0269683D01*
X0022356Y0269647D01*
X0022198Y0269615D01*
X0022040Y0269588D01*
X0021881Y0269564D01*
X0021722Y0269544D01*
X0021562Y0269528D01*
X0021401Y0269516D01*
X0021241Y0269508D01*
X0021080Y0269504D01*
X0020920Y0269504D01*
X0020759Y0269508D01*
X0020599Y0269516D01*
X0020438Y0269528D01*
X0020278Y0269544D01*
X0020119Y0269564D01*
X0019960Y0269588D01*
X0019802Y0269615D01*
X0019644Y0269647D01*
X0019487Y0269683D01*
X0019332Y0269722D01*
X0019177Y0269765D01*
X0019023Y0269812D01*
X0018871Y0269863D01*
X0018720Y0269917D01*
X0018570Y0269976D01*
X0018422Y0270038D01*
X0018275Y0270103D01*
X0018130Y0270172D01*
X0017987Y0270245D01*
X0017845Y0270322D01*
X0017706Y0270401D01*
X0017568Y0270484D01*
X0017433Y0270571D01*
X0017300Y0270661D01*
X0017169Y0270754D01*
X0017040Y0270850D01*
X0016914Y0270950D01*
X0016790Y0271053D01*
X0016669Y0271158D01*
X0016551Y0271267D01*
X0016435Y0271378D01*
X0016322Y0271493D01*
X0016212Y0271610D01*
X0016105Y0271729D01*
X0016001Y0271852D01*
X0015900Y0271977D01*
X0015802Y0272104D01*
X0015707Y0272234D01*
X0015616Y0272366D01*
X0015527Y0272500D01*
X0015442Y0272637D01*
X0015361Y0272775D01*
X0015283Y0272916D01*
X0015208Y0273058D01*
X0015137Y0273202D01*
X0015070Y0273348D01*
X0015006Y0273496D01*
X0014946Y0273645D01*
X0014890Y0273795D01*
X0014837Y0273947D01*
X0014788Y0274100D01*
X0014743Y0274254D01*
X0014702Y0274409D01*
X0014664Y0274566D01*
X0014631Y0274723D01*
X0014601Y0274881D01*
X0014575Y0275039D01*
X0014554Y0275199D01*
X0014536Y0275358D01*
X0014522Y0275518D01*
X0014512Y0275679D01*
X0014506Y0275839D01*
X0014504Y0276000D01*
X0444504Y0276000D02*
X0444506Y0276161D01*
X0444512Y0276321D01*
X0444522Y0276482D01*
X0444536Y0276642D01*
X0444554Y0276801D01*
X0444575Y0276961D01*
X0444601Y0277119D01*
X0444631Y0277277D01*
X0444664Y0277434D01*
X0444702Y0277591D01*
X0444743Y0277746D01*
X0444788Y0277900D01*
X0444837Y0278053D01*
X0444890Y0278205D01*
X0444946Y0278355D01*
X0445006Y0278504D01*
X0445070Y0278652D01*
X0445137Y0278798D01*
X0445208Y0278942D01*
X0445283Y0279084D01*
X0445361Y0279225D01*
X0445442Y0279363D01*
X0445527Y0279500D01*
X0445616Y0279634D01*
X0445707Y0279766D01*
X0445802Y0279896D01*
X0445900Y0280023D01*
X0446001Y0280148D01*
X0446105Y0280271D01*
X0446212Y0280390D01*
X0446322Y0280507D01*
X0446435Y0280622D01*
X0446551Y0280733D01*
X0446669Y0280842D01*
X0446790Y0280947D01*
X0446914Y0281050D01*
X0447040Y0281150D01*
X0447169Y0281246D01*
X0447300Y0281339D01*
X0447433Y0281429D01*
X0447568Y0281516D01*
X0447706Y0281599D01*
X0447845Y0281678D01*
X0447987Y0281755D01*
X0448130Y0281828D01*
X0448275Y0281897D01*
X0448422Y0281962D01*
X0448570Y0282024D01*
X0448720Y0282083D01*
X0448871Y0282137D01*
X0449023Y0282188D01*
X0449177Y0282235D01*
X0449332Y0282278D01*
X0449487Y0282317D01*
X0449644Y0282353D01*
X0449802Y0282385D01*
X0449960Y0282412D01*
X0450119Y0282436D01*
X0450278Y0282456D01*
X0450438Y0282472D01*
X0450599Y0282484D01*
X0450759Y0282492D01*
X0450920Y0282496D01*
X0451080Y0282496D01*
X0451241Y0282492D01*
X0451401Y0282484D01*
X0451562Y0282472D01*
X0451722Y0282456D01*
X0451881Y0282436D01*
X0452040Y0282412D01*
X0452198Y0282385D01*
X0452356Y0282353D01*
X0452513Y0282317D01*
X0452668Y0282278D01*
X0452823Y0282235D01*
X0452977Y0282188D01*
X0453129Y0282137D01*
X0453280Y0282083D01*
X0453430Y0282024D01*
X0453578Y0281962D01*
X0453725Y0281897D01*
X0453870Y0281828D01*
X0454013Y0281755D01*
X0454155Y0281678D01*
X0454294Y0281599D01*
X0454432Y0281516D01*
X0454567Y0281429D01*
X0454700Y0281339D01*
X0454831Y0281246D01*
X0454960Y0281150D01*
X0455086Y0281050D01*
X0455210Y0280947D01*
X0455331Y0280842D01*
X0455449Y0280733D01*
X0455565Y0280622D01*
X0455678Y0280507D01*
X0455788Y0280390D01*
X0455895Y0280271D01*
X0455999Y0280148D01*
X0456100Y0280023D01*
X0456198Y0279896D01*
X0456293Y0279766D01*
X0456384Y0279634D01*
X0456473Y0279500D01*
X0456558Y0279363D01*
X0456639Y0279225D01*
X0456717Y0279084D01*
X0456792Y0278942D01*
X0456863Y0278798D01*
X0456930Y0278652D01*
X0456994Y0278504D01*
X0457054Y0278355D01*
X0457110Y0278205D01*
X0457163Y0278053D01*
X0457212Y0277900D01*
X0457257Y0277746D01*
X0457298Y0277591D01*
X0457336Y0277434D01*
X0457369Y0277277D01*
X0457399Y0277119D01*
X0457425Y0276961D01*
X0457446Y0276801D01*
X0457464Y0276642D01*
X0457478Y0276482D01*
X0457488Y0276321D01*
X0457494Y0276161D01*
X0457496Y0276000D01*
X0457494Y0275839D01*
X0457488Y0275679D01*
X0457478Y0275518D01*
X0457464Y0275358D01*
X0457446Y0275199D01*
X0457425Y0275039D01*
X0457399Y0274881D01*
X0457369Y0274723D01*
X0457336Y0274566D01*
X0457298Y0274409D01*
X0457257Y0274254D01*
X0457212Y0274100D01*
X0457163Y0273947D01*
X0457110Y0273795D01*
X0457054Y0273645D01*
X0456994Y0273496D01*
X0456930Y0273348D01*
X0456863Y0273202D01*
X0456792Y0273058D01*
X0456717Y0272916D01*
X0456639Y0272775D01*
X0456558Y0272637D01*
X0456473Y0272500D01*
X0456384Y0272366D01*
X0456293Y0272234D01*
X0456198Y0272104D01*
X0456100Y0271977D01*
X0455999Y0271852D01*
X0455895Y0271729D01*
X0455788Y0271610D01*
X0455678Y0271493D01*
X0455565Y0271378D01*
X0455449Y0271267D01*
X0455331Y0271158D01*
X0455210Y0271053D01*
X0455086Y0270950D01*
X0454960Y0270850D01*
X0454831Y0270754D01*
X0454700Y0270661D01*
X0454567Y0270571D01*
X0454432Y0270484D01*
X0454294Y0270401D01*
X0454155Y0270322D01*
X0454013Y0270245D01*
X0453870Y0270172D01*
X0453725Y0270103D01*
X0453578Y0270038D01*
X0453430Y0269976D01*
X0453280Y0269917D01*
X0453129Y0269863D01*
X0452977Y0269812D01*
X0452823Y0269765D01*
X0452668Y0269722D01*
X0452513Y0269683D01*
X0452356Y0269647D01*
X0452198Y0269615D01*
X0452040Y0269588D01*
X0451881Y0269564D01*
X0451722Y0269544D01*
X0451562Y0269528D01*
X0451401Y0269516D01*
X0451241Y0269508D01*
X0451080Y0269504D01*
X0450920Y0269504D01*
X0450759Y0269508D01*
X0450599Y0269516D01*
X0450438Y0269528D01*
X0450278Y0269544D01*
X0450119Y0269564D01*
X0449960Y0269588D01*
X0449802Y0269615D01*
X0449644Y0269647D01*
X0449487Y0269683D01*
X0449332Y0269722D01*
X0449177Y0269765D01*
X0449023Y0269812D01*
X0448871Y0269863D01*
X0448720Y0269917D01*
X0448570Y0269976D01*
X0448422Y0270038D01*
X0448275Y0270103D01*
X0448130Y0270172D01*
X0447987Y0270245D01*
X0447845Y0270322D01*
X0447706Y0270401D01*
X0447568Y0270484D01*
X0447433Y0270571D01*
X0447300Y0270661D01*
X0447169Y0270754D01*
X0447040Y0270850D01*
X0446914Y0270950D01*
X0446790Y0271053D01*
X0446669Y0271158D01*
X0446551Y0271267D01*
X0446435Y0271378D01*
X0446322Y0271493D01*
X0446212Y0271610D01*
X0446105Y0271729D01*
X0446001Y0271852D01*
X0445900Y0271977D01*
X0445802Y0272104D01*
X0445707Y0272234D01*
X0445616Y0272366D01*
X0445527Y0272500D01*
X0445442Y0272637D01*
X0445361Y0272775D01*
X0445283Y0272916D01*
X0445208Y0273058D01*
X0445137Y0273202D01*
X0445070Y0273348D01*
X0445006Y0273496D01*
X0444946Y0273645D01*
X0444890Y0273795D01*
X0444837Y0273947D01*
X0444788Y0274100D01*
X0444743Y0274254D01*
X0444702Y0274409D01*
X0444664Y0274566D01*
X0444631Y0274723D01*
X0444601Y0274881D01*
X0444575Y0275039D01*
X0444554Y0275199D01*
X0444536Y0275358D01*
X0444522Y0275518D01*
X0444512Y0275679D01*
X0444506Y0275839D01*
X0444504Y0276000D01*
X0444504Y0021000D02*
X0444506Y0021161D01*
X0444512Y0021321D01*
X0444522Y0021482D01*
X0444536Y0021642D01*
X0444554Y0021801D01*
X0444575Y0021961D01*
X0444601Y0022119D01*
X0444631Y0022277D01*
X0444664Y0022434D01*
X0444702Y0022591D01*
X0444743Y0022746D01*
X0444788Y0022900D01*
X0444837Y0023053D01*
X0444890Y0023205D01*
X0444946Y0023355D01*
X0445006Y0023504D01*
X0445070Y0023652D01*
X0445137Y0023798D01*
X0445208Y0023942D01*
X0445283Y0024084D01*
X0445361Y0024225D01*
X0445442Y0024363D01*
X0445527Y0024500D01*
X0445616Y0024634D01*
X0445707Y0024766D01*
X0445802Y0024896D01*
X0445900Y0025023D01*
X0446001Y0025148D01*
X0446105Y0025271D01*
X0446212Y0025390D01*
X0446322Y0025507D01*
X0446435Y0025622D01*
X0446551Y0025733D01*
X0446669Y0025842D01*
X0446790Y0025947D01*
X0446914Y0026050D01*
X0447040Y0026150D01*
X0447169Y0026246D01*
X0447300Y0026339D01*
X0447433Y0026429D01*
X0447568Y0026516D01*
X0447706Y0026599D01*
X0447845Y0026678D01*
X0447987Y0026755D01*
X0448130Y0026828D01*
X0448275Y0026897D01*
X0448422Y0026962D01*
X0448570Y0027024D01*
X0448720Y0027083D01*
X0448871Y0027137D01*
X0449023Y0027188D01*
X0449177Y0027235D01*
X0449332Y0027278D01*
X0449487Y0027317D01*
X0449644Y0027353D01*
X0449802Y0027385D01*
X0449960Y0027412D01*
X0450119Y0027436D01*
X0450278Y0027456D01*
X0450438Y0027472D01*
X0450599Y0027484D01*
X0450759Y0027492D01*
X0450920Y0027496D01*
X0451080Y0027496D01*
X0451241Y0027492D01*
X0451401Y0027484D01*
X0451562Y0027472D01*
X0451722Y0027456D01*
X0451881Y0027436D01*
X0452040Y0027412D01*
X0452198Y0027385D01*
X0452356Y0027353D01*
X0452513Y0027317D01*
X0452668Y0027278D01*
X0452823Y0027235D01*
X0452977Y0027188D01*
X0453129Y0027137D01*
X0453280Y0027083D01*
X0453430Y0027024D01*
X0453578Y0026962D01*
X0453725Y0026897D01*
X0453870Y0026828D01*
X0454013Y0026755D01*
X0454155Y0026678D01*
X0454294Y0026599D01*
X0454432Y0026516D01*
X0454567Y0026429D01*
X0454700Y0026339D01*
X0454831Y0026246D01*
X0454960Y0026150D01*
X0455086Y0026050D01*
X0455210Y0025947D01*
X0455331Y0025842D01*
X0455449Y0025733D01*
X0455565Y0025622D01*
X0455678Y0025507D01*
X0455788Y0025390D01*
X0455895Y0025271D01*
X0455999Y0025148D01*
X0456100Y0025023D01*
X0456198Y0024896D01*
X0456293Y0024766D01*
X0456384Y0024634D01*
X0456473Y0024500D01*
X0456558Y0024363D01*
X0456639Y0024225D01*
X0456717Y0024084D01*
X0456792Y0023942D01*
X0456863Y0023798D01*
X0456930Y0023652D01*
X0456994Y0023504D01*
X0457054Y0023355D01*
X0457110Y0023205D01*
X0457163Y0023053D01*
X0457212Y0022900D01*
X0457257Y0022746D01*
X0457298Y0022591D01*
X0457336Y0022434D01*
X0457369Y0022277D01*
X0457399Y0022119D01*
X0457425Y0021961D01*
X0457446Y0021801D01*
X0457464Y0021642D01*
X0457478Y0021482D01*
X0457488Y0021321D01*
X0457494Y0021161D01*
X0457496Y0021000D01*
X0457494Y0020839D01*
X0457488Y0020679D01*
X0457478Y0020518D01*
X0457464Y0020358D01*
X0457446Y0020199D01*
X0457425Y0020039D01*
X0457399Y0019881D01*
X0457369Y0019723D01*
X0457336Y0019566D01*
X0457298Y0019409D01*
X0457257Y0019254D01*
X0457212Y0019100D01*
X0457163Y0018947D01*
X0457110Y0018795D01*
X0457054Y0018645D01*
X0456994Y0018496D01*
X0456930Y0018348D01*
X0456863Y0018202D01*
X0456792Y0018058D01*
X0456717Y0017916D01*
X0456639Y0017775D01*
X0456558Y0017637D01*
X0456473Y0017500D01*
X0456384Y0017366D01*
X0456293Y0017234D01*
X0456198Y0017104D01*
X0456100Y0016977D01*
X0455999Y0016852D01*
X0455895Y0016729D01*
X0455788Y0016610D01*
X0455678Y0016493D01*
X0455565Y0016378D01*
X0455449Y0016267D01*
X0455331Y0016158D01*
X0455210Y0016053D01*
X0455086Y0015950D01*
X0454960Y0015850D01*
X0454831Y0015754D01*
X0454700Y0015661D01*
X0454567Y0015571D01*
X0454432Y0015484D01*
X0454294Y0015401D01*
X0454155Y0015322D01*
X0454013Y0015245D01*
X0453870Y0015172D01*
X0453725Y0015103D01*
X0453578Y0015038D01*
X0453430Y0014976D01*
X0453280Y0014917D01*
X0453129Y0014863D01*
X0452977Y0014812D01*
X0452823Y0014765D01*
X0452668Y0014722D01*
X0452513Y0014683D01*
X0452356Y0014647D01*
X0452198Y0014615D01*
X0452040Y0014588D01*
X0451881Y0014564D01*
X0451722Y0014544D01*
X0451562Y0014528D01*
X0451401Y0014516D01*
X0451241Y0014508D01*
X0451080Y0014504D01*
X0450920Y0014504D01*
X0450759Y0014508D01*
X0450599Y0014516D01*
X0450438Y0014528D01*
X0450278Y0014544D01*
X0450119Y0014564D01*
X0449960Y0014588D01*
X0449802Y0014615D01*
X0449644Y0014647D01*
X0449487Y0014683D01*
X0449332Y0014722D01*
X0449177Y0014765D01*
X0449023Y0014812D01*
X0448871Y0014863D01*
X0448720Y0014917D01*
X0448570Y0014976D01*
X0448422Y0015038D01*
X0448275Y0015103D01*
X0448130Y0015172D01*
X0447987Y0015245D01*
X0447845Y0015322D01*
X0447706Y0015401D01*
X0447568Y0015484D01*
X0447433Y0015571D01*
X0447300Y0015661D01*
X0447169Y0015754D01*
X0447040Y0015850D01*
X0446914Y0015950D01*
X0446790Y0016053D01*
X0446669Y0016158D01*
X0446551Y0016267D01*
X0446435Y0016378D01*
X0446322Y0016493D01*
X0446212Y0016610D01*
X0446105Y0016729D01*
X0446001Y0016852D01*
X0445900Y0016977D01*
X0445802Y0017104D01*
X0445707Y0017234D01*
X0445616Y0017366D01*
X0445527Y0017500D01*
X0445442Y0017637D01*
X0445361Y0017775D01*
X0445283Y0017916D01*
X0445208Y0018058D01*
X0445137Y0018202D01*
X0445070Y0018348D01*
X0445006Y0018496D01*
X0444946Y0018645D01*
X0444890Y0018795D01*
X0444837Y0018947D01*
X0444788Y0019100D01*
X0444743Y0019254D01*
X0444702Y0019409D01*
X0444664Y0019566D01*
X0444631Y0019723D01*
X0444601Y0019881D01*
X0444575Y0020039D01*
X0444554Y0020199D01*
X0444536Y0020358D01*
X0444522Y0020518D01*
X0444512Y0020679D01*
X0444506Y0020839D01*
X0444504Y0021000D01*
M02*
